1578846562260	mozrunner::runner	INFO	Running command: "C:\\Program Files\\Mozilla Firefox\\firefox.exe" "-marionette" "-foreground" "-no-remote" "-profile" "C:\\Users\\B\\AppData\\Local\\Temp\\rust_mozprofileeB16zr"
1578846563148	addons.webextension.doh-rollout@mozilla.org	WARN	Loading extension 'doh-rollout@mozilla.org': Reading manifest: Invalid extension permission: networkStatus
1578846563261	addons.webextension.screenshots@mozilla.org	WARN	Loading extension 'screenshots@mozilla.org': Reading manifest: Invalid extension permission: mozillaAddons
1578846563261	addons.webextension.screenshots@mozilla.org	WARN	Loading extension 'screenshots@mozilla.org': Reading manifest: Invalid extension permission: telemetry
1578846563261	addons.webextension.screenshots@mozilla.org	WARN	Loading extension 'screenshots@mozilla.org': Reading manifest: Invalid extension permission: resource://pdf.js/
1578846563262	addons.webextension.screenshots@mozilla.org	WARN	Loading extension 'screenshots@mozilla.org': Reading manifest: Invalid extension permission: about:reader*
JavaScript error: resource://gre/modules/XULStore.jsm, line 66: Error: Can't find profile directory.
1578846565850	Marionette	INFO	Listening on port 56117
1578846565875	Marionette	WARN	TLS certificate errors will be ignored for this session
1578846566761	Marionette	INFO	Stopped listening on port 56117

###!!! [Child][RunMessage] Error: Channel closing: too late to send/recv, messages will be lost


###!!! [Child][MessageChannel::SendAndWait] Error: Channel error: cannot send/recv

1578847113115	mozrunner::runner	INFO	Running command: "C:\\Program Files\\Mozilla Firefox\\firefox.exe" "-marionette" "-foreground" "-no-remote" "-profile" "C:\\Users\\B\\AppData\\Local\\Temp\\rust_mozprofilenv1hsS"
1578847113436	addons.webextension.doh-rollout@mozilla.org	WARN	Loading extension 'doh-rollout@mozilla.org': Reading manifest: Invalid extension permission: networkStatus
1578847113540	addons.webextension.screenshots@mozilla.org	WARN	Loading extension 'screenshots@mozilla.org': Reading manifest: Invalid extension permission: mozillaAddons
1578847113540	addons.webextension.screenshots@mozilla.org	WARN	Loading extension 'screenshots@mozilla.org': Reading manifest: Invalid extension permission: telemetry
1578847113540	addons.webextension.screenshots@mozilla.org	WARN	Loading extension 'screenshots@mozilla.org': Reading manifest: Invalid extension permission: resource://pdf.js/
1578847113540	addons.webextension.screenshots@mozilla.org	WARN	Loading extension 'screenshots@mozilla.org': Reading manifest: Invalid extension permission: about:reader*
JavaScript error: resource://gre/modules/XULStore.jsm, line 66: Error: Can't find profile directory.
1578847115963	Marionette	INFO	Listening on port 56261
1578847116227	Marionette	WARN	TLS certificate errors will be ignored for this session
1578847117033	Marionette	INFO	Stopped listening on port 56261
1578847117118	addons.xpi	WARN	Addon with ID amazondotcom@search.mozilla.org already installed, older version will be disabled
1578847117119	addons.xpi-utils	WARN	Error: XPI database modified after shutdown began(resource://gre/modules/addons/XPIDatabase.jsm:1478:17) JS Stack trace: saveChanges@XPIDatabase.jsm:1478:17
makeAddonVisible@XPIDatabase.jsm:2281:10
addToDatabase@XPIDatabase.jsm:2208:12
install@XPIInstall.jsm:4343:27
update@XPIProvider.jsm:2046:13
1578847117119	addons.xpi-utils	WARN	Error: XPI database modified after shutdown began(resource://gre/modules/addons/XPIDatabase.jsm:1478:17) JS Stack trace: saveChanges@XPIDatabase.jsm:1478:17
addToDatabase@XPIDatabase.jsm:2211:10
install@XPIInstall.jsm:4343:27
update@XPIProvider.jsm:2046:13
1578847117140	addons.xpi	WARN	Addon with ID bing@search.mozilla.org already installed, older version will be disabled
1578847117140	addons.xpi-utils	WARN	Error: XPI database modified after shutdown began(resource://gre/modules/addons/XPIDatabase.jsm:1478:17) JS Stack trace: saveChanges@XPIDatabase.jsm:1478:17
makeAddonVisible@XPIDatabase.jsm:2281:10
addToDatabase@XPIDatabase.jsm:2208:12
install@XPIInstall.jsm:4343:27
update@XPIProvider.jsm:2046:13
1578847117140	addons.xpi-utils	WARN	Error: XPI database modified after shutdown began(resource://gre/modules/addons/XPIDatabase.jsm:1478:17) JS Stack trace: saveChanges@XPIDatabase.jsm:1478:17
addToDatabase@XPIDatabase.jsm:2211:10
install@XPIInstall.jsm:4343:27
update@XPIProvider.jsm:2046:13
1578847117155	addons.xpi	WARN	Addon with ID google@search.mozilla.org already installed, older version will be disabled
1578847117155	addons.xpi-utils	WARN	Error: XPI database modified after shutdown began(resource://gre/modules/addons/XPIDatabase.jsm:1478:17) JS Stack trace: saveChanges@XPIDatabase.jsm:1478:17
makeAddonVisible@XPIDatabase.jsm:2281:10
addToDatabase@XPIDatabase.jsm:2208:12
install@XPIInstall.jsm:4343:27
update@XPIProvider.jsm:2046:13
1578847117155	addons.xpi-utils	WARN	Error: XPI database modified after shutdown began(resource://gre/modules/addons/XPIDatabase.jsm:1478:17) JS Stack trace: saveChanges@XPIDatabase.jsm:1478:17
addToDatabase@XPIDatabase.jsm:2211:10
install@XPIInstall.jsm:4343:27
update@XPIProvider.jsm:2046:13
1578847117172	addons.xpi	WARN	Addon with ID twitter@search.mozilla.org already installed, older version will be disabled
1578847117173	addons.xpi-utils	WARN	Error: XPI database modified after shutdown began(resource://gre/modules/addons/XPIDatabase.jsm:1478:17) JS Stack trace: saveChanges@XPIDatabase.jsm:1478:17
makeAddonVisible@XPIDatabase.jsm:2281:10
addToDatabase@XPIDatabase.jsm:2208:12
install@XPIInstall.jsm:4343:27
update@XPIProvider.jsm:2046:13
1578847117173	addons.xpi-utils	WARN	Error: XPI database modified after shutdown began(resource://gre/modules/addons/XPIDatabase.jsm:1478:17) JS Stack trace: saveChanges@XPIDatabase.jsm:1478:17
addToDatabase@XPIDatabase.jsm:2211:10
install@XPIInstall.jsm:4343:27
update@XPIProvider.jsm:2046:13
1578847117210	addons.xpi	WARN	Addon with ID wikipedia@search.mozilla.org already installed, older version will be disabled
1578847117210	addons.xpi-utils	WARN	Error: XPI database modified after shutdown began(resource://gre/modules/addons/XPIDatabase.jsm:1478:17) JS Stack trace: saveChanges@XPIDatabase.jsm:1478:17
makeAddonVisible@XPIDatabase.jsm:2281:10
addToDatabase@XPIDatabase.jsm:2208:12
install@XPIInstall.jsm:4343:27
update@XPIProvider.jsm:2046:13
1578847117210	addons.xpi-utils	WARN	Error: XPI database modified after shutdown began(resource://gre/modules/addons/XPIDatabase.jsm:1478:17) JS Stack trace: saveChanges@XPIDatabase.jsm:1478:17
addToDatabase@XPIDatabase.jsm:2211:10
install@XPIInstall.jsm:4343:27
update@XPIProvider.jsm:2046:13
JavaScript error: resource://gre/modules/Sqlite.jsm, line 912: Error: Connection is not open.
JavaScript error: resource://gre/modules/Sqlite.jsm, line 912: Error: Connection is not open.

###!!! [Child][RunMessage] Error: Channel closing: too late to send/recv, messages will be lost


###!!! [Child][MessageChannel::SendAndWait] Error: Channel error: cannot send/recv

1578847179296	mozrunner::runner	INFO	Running command: "C:\\Program Files\\Mozilla Firefox\\firefox.exe" "-marionette" "-foreground" "-no-remote" "-profile" "C:\\Users\\B\\AppData\\Local\\Temp\\rust_mozprofilesCyi3f"
1578847179602	addons.webextension.doh-rollout@mozilla.org	WARN	Loading extension 'doh-rollout@mozilla.org': Reading manifest: Invalid extension permission: networkStatus
1578847179725	addons.webextension.screenshots@mozilla.org	WARN	Loading extension 'screenshots@mozilla.org': Reading manifest: Invalid extension permission: mozillaAddons
1578847179725	addons.webextension.screenshots@mozilla.org	WARN	Loading extension 'screenshots@mozilla.org': Reading manifest: Invalid extension permission: telemetry
1578847179725	addons.webextension.screenshots@mozilla.org	WARN	Loading extension 'screenshots@mozilla.org': Reading manifest: Invalid extension permission: resource://pdf.js/
1578847179725	addons.webextension.screenshots@mozilla.org	WARN	Loading extension 'screenshots@mozilla.org': Reading manifest: Invalid extension permission: about:reader*
JavaScript error: resource://gre/modules/XULStore.jsm, line 66: Error: Can't find profile directory.
1578847182256	Marionette	INFO	Listening on port 56311
1578847182407	Marionette	WARN	TLS certificate errors will be ignored for this session
1578847184996	Marionette	INFO	Stopped listening on port 56311

###!!! [Child][RunMessage] Error: Channel closing: too late to send/recv, messages will be lost


###!!! [Child][MessageChannel::SendAndWait] Error: Channel error: cannot send/recv

1578847224559	mozrunner::runner	INFO	Running command: "C:\\Program Files\\Mozilla Firefox\\firefox.exe" "-marionette" "-foreground" "-no-remote" "-profile" "C:\\Users\\B\\AppData\\Local\\Temp\\rust_mozprofile5oPJut"
1578847224866	addons.webextension.doh-rollout@mozilla.org	WARN	Loading extension 'doh-rollout@mozilla.org': Reading manifest: Invalid extension permission: networkStatus
1578847224971	addons.webextension.screenshots@mozilla.org	WARN	Loading extension 'screenshots@mozilla.org': Reading manifest: Invalid extension permission: mozillaAddons
1578847224971	addons.webextension.screenshots@mozilla.org	WARN	Loading extension 'screenshots@mozilla.org': Reading manifest: Invalid extension permission: telemetry
1578847224971	addons.webextension.screenshots@mozilla.org	WARN	Loading extension 'screenshots@mozilla.org': Reading manifest: Invalid extension permission: resource://pdf.js/
1578847224971	addons.webextension.screenshots@mozilla.org	WARN	Loading extension 'screenshots@mozilla.org': Reading manifest: Invalid extension permission: about:reader*
JavaScript error: resource://gre/modules/XULStore.jsm, line 66: Error: Can't find profile directory.
1578847227371	Marionette	INFO	Listening on port 56362
1578847227671	Marionette	WARN	TLS certificate errors will be ignored for this session
1578847228495	Marionette	INFO	Stopped listening on port 56362
1578847228579	addons.xpi	WARN	Addon with ID amazondotcom@search.mozilla.org already installed, older version will be disabled
1578847228580	addons.xpi-utils	WARN	Error: XPI database modified after shutdown began(resource://gre/modules/addons/XPIDatabase.jsm:1478:17) JS Stack trace: saveChanges@XPIDatabase.jsm:1478:17
makeAddonVisible@XPIDatabase.jsm:2281:10
addToDatabase@XPIDatabase.jsm:2208:12
install@XPIInstall.jsm:4343:27
update@XPIProvider.jsm:2046:13
1578847228580	addons.xpi-utils	WARN	Error: XPI database modified after shutdown began(resource://gre/modules/addons/XPIDatabase.jsm:1478:17) JS Stack trace: saveChanges@XPIDatabase.jsm:1478:17
addToDatabase@XPIDatabase.jsm:2211:10
install@XPIInstall.jsm:4343:27
update@XPIProvider.jsm:2046:13
1578847228599	addons.xpi	WARN	Addon with ID bing@search.mozilla.org already installed, older version will be disabled
1578847228599	addons.xpi-utils	WARN	Error: XPI database modified after shutdown began(resource://gre/modules/addons/XPIDatabase.jsm:1478:17) JS Stack trace: saveChanges@XPIDatabase.jsm:1478:17
makeAddonVisible@XPIDatabase.jsm:2281:10
addToDatabase@XPIDatabase.jsm:2208:12
install@XPIInstall.jsm:4343:27
update@XPIProvider.jsm:2046:13
1578847228600	addons.xpi-utils	WARN	Error: XPI database modified after shutdown began(resource://gre/modules/addons/XPIDatabase.jsm:1478:17) JS Stack trace: saveChanges@XPIDatabase.jsm:1478:17
addToDatabase@XPIDatabase.jsm:2211:10
install@XPIInstall.jsm:4343:27
update@XPIProvider.jsm:2046:13
1578847228614	addons.xpi	WARN	Addon with ID google@search.mozilla.org already installed, older version will be disabled
1578847228615	addons.xpi-utils	WARN	Error: XPI database modified after shutdown began(resource://gre/modules/addons/XPIDatabase.jsm:1478:17) JS Stack trace: saveChanges@XPIDatabase.jsm:1478:17
makeAddonVisible@XPIDatabase.jsm:2281:10
addToDatabase@XPIDatabase.jsm:2208:12
install@XPIInstall.jsm:4343:27
update@XPIProvider.jsm:2046:13
1578847228615	addons.xpi-utils	WARN	Error: XPI database modified after shutdown began(resource://gre/modules/addons/XPIDatabase.jsm:1478:17) JS Stack trace: saveChanges@XPIDatabase.jsm:1478:17
addToDatabase@XPIDatabase.jsm:2211:10
install@XPIInstall.jsm:4343:27
update@XPIProvider.jsm:2046:13
1578847228630	addons.xpi	WARN	Addon with ID twitter@search.mozilla.org already installed, older version will be disabled
1578847228631	addons.xpi-utils	WARN	Error: XPI database modified after shutdown began(resource://gre/modules/addons/XPIDatabase.jsm:1478:17) JS Stack trace: saveChanges@XPIDatabase.jsm:1478:17
makeAddonVisible@XPIDatabase.jsm:2281:10
addToDatabase@XPIDatabase.jsm:2208:12
install@XPIInstall.jsm:4343:27
update@XPIProvider.jsm:2046:13
1578847228631	addons.xpi-utils	WARN	Error: XPI database modified after shutdown began(resource://gre/modules/addons/XPIDatabase.jsm:1478:17) JS Stack trace: saveChanges@XPIDatabase.jsm:1478:17
addToDatabase@XPIDatabase.jsm:2211:10
install@XPIInstall.jsm:4343:27
update@XPIProvider.jsm:2046:13
1578847228668	addons.xpi	WARN	Addon with ID wikipedia@search.mozilla.org already installed, older version will be disabled
1578847228669	addons.xpi-utils	WARN	Error: XPI database modified after shutdown began(resource://gre/modules/addons/XPIDatabase.jsm:1478:17) JS Stack trace: saveChanges@XPIDatabase.jsm:1478:17
makeAddonVisible@XPIDatabase.jsm:2281:10
addToDatabase@XPIDatabase.jsm:2208:12
install@XPIInstall.jsm:4343:27
update@XPIProvider.jsm:2046:13
1578847228669	addons.xpi-utils	WARN	Error: XPI database modified after shutdown began(resource://gre/modules/addons/XPIDatabase.jsm:1478:17) JS Stack trace: saveChanges@XPIDatabase.jsm:1478:17
addToDatabase@XPIDatabase.jsm:2211:10
install@XPIInstall.jsm:4343:27
update@XPIProvider.jsm:2046:13
1578847228699	addons.xpi	WARN	Addon with ID ddg@search.mozilla.org already installed, older version will be disabled
1578847228699	addons.xpi-utils	WARN	Error: XPI database modified after shutdown began(resource://gre/modules/addons/XPIDatabase.jsm:1478:17) JS Stack trace: saveChanges@XPIDatabase.jsm:1478:17
makeAddonVisible@XPIDatabase.jsm:2281:10
addToDatabase@XPIDatabase.jsm:2208:12
install@XPIInstall.jsm:4343:27
update@XPIProvider.jsm:2046:13
1578847228699	addons.xpi-utils	WARN	Error: XPI database modified after shutdown began(resource://gre/modules/addons/XPIDatabase.jsm:1478:17) JS Stack trace: saveChanges@XPIDatabase.jsm:1478:17
addToDatabase@XPIDatabase.jsm:2211:10
install@XPIInstall.jsm:4343:27
update@XPIProvider.jsm:2046:13
[Parent 18528, Gecko_IOThread] WARNING: file z:/task_1578433236/build/src/ipc/chromium/src/base/process_util_win.cc, line 160
JavaScript error: resource://gre/modules/ExtensionSettingsStore.jsm, line 117: Error: The ExtensionSettingsStore was accessed before the initialize promise resolved.
JavaScript error: resource://gre/modules/ExtensionSettingsStore.jsm, line 117: Error: The ExtensionSettingsStore was accessed before the initialize promise resolved.
JavaScript error: resource://gre/modules/DeferredTask.jsm, line 215: Error: Unable to arm timer, the object has been finalized.
JavaScript error: resource://gre/modules/DeferredTask.jsm, line 215: Error: Unable to arm timer, the object has been finalized.
JavaScript error: resource://gre/modules/DeferredTask.jsm, line 215: Error: Unable to arm timer, the object has been finalized.
JavaScript error: resource://gre/modules/DeferredTask.jsm, line 215: Error: Unable to arm timer, the object has been finalized.
JavaScript error: resource://gre/modules/Sqlite.jsm, line 912: Error: Connection is not open.
JavaScript error: resource://gre/modules/Sqlite.jsm, line 912: Error: Connection is not open.

###!!! [Child][RunMessage] Error: Channel closing: too late to send/recv, messages will be lost


###!!! [Child][MessageChannel::SendAndWait] Error: Channel error: cannot send/recv

1578847362731	mozrunner::runner	INFO	Running command: "C:\\Program Files\\Mozilla Firefox\\firefox.exe" "-marionette" "-foreground" "-no-remote" "-profile" "C:\\Users\\B\\AppData\\Local\\Temp\\rust_mozprofileyWDrT4"
1578847363044	addons.webextension.doh-rollout@mozilla.org	WARN	Loading extension 'doh-rollout@mozilla.org': Reading manifest: Invalid extension permission: networkStatus
1578847363146	addons.webextension.screenshots@mozilla.org	WARN	Loading extension 'screenshots@mozilla.org': Reading manifest: Invalid extension permission: mozillaAddons
1578847363146	addons.webextension.screenshots@mozilla.org	WARN	Loading extension 'screenshots@mozilla.org': Reading manifest: Invalid extension permission: telemetry
1578847363147	addons.webextension.screenshots@mozilla.org	WARN	Loading extension 'screenshots@mozilla.org': Reading manifest: Invalid extension permission: resource://pdf.js/
1578847363147	addons.webextension.screenshots@mozilla.org	WARN	Loading extension 'screenshots@mozilla.org': Reading manifest: Invalid extension permission: about:reader*
JavaScript error: resource://gre/modules/XULStore.jsm, line 66: Error: Can't find profile directory.
1578847365666	Marionette	INFO	Listening on port 56426
1578847365847	Marionette	WARN	TLS certificate errors will be ignored for this session
1578847367365	Marionette	INFO	Stopped listening on port 56426

###!!! [Child][RunMessage] Error: Channel closing: too late to send/recv, messages will be lost


###!!! [Child][MessageChannel::SendAndWait] Error: Channel error: cannot send/recv

1578847392939	mozrunner::runner	INFO	Running command: "C:\\Program Files\\Mozilla Firefox\\firefox.exe" "-marionette" "-foreground" "-no-remote" "-profile" "C:\\Users\\B\\AppData\\Local\\Temp\\rust_mozprofileQ988pY"
1578847393252	addons.webextension.doh-rollout@mozilla.org	WARN	Loading extension 'doh-rollout@mozilla.org': Reading manifest: Invalid extension permission: networkStatus
1578847393368	addons.webextension.screenshots@mozilla.org	WARN	Loading extension 'screenshots@mozilla.org': Reading manifest: Invalid extension permission: mozillaAddons
1578847393368	addons.webextension.screenshots@mozilla.org	WARN	Loading extension 'screenshots@mozilla.org': Reading manifest: Invalid extension permission: telemetry
1578847393369	addons.webextension.screenshots@mozilla.org	WARN	Loading extension 'screenshots@mozilla.org': Reading manifest: Invalid extension permission: resource://pdf.js/
1578847393369	addons.webextension.screenshots@mozilla.org	WARN	Loading extension 'screenshots@mozilla.org': Reading manifest: Invalid extension permission: about:reader*
JavaScript error: resource://gre/modules/XULStore.jsm, line 66: Error: Can't find profile directory.
1578847395934	Marionette	INFO	Listening on port 56472
1578847396066	Marionette	WARN	TLS certificate errors will be ignored for this session
1578847397161	Marionette	INFO	Stopped listening on port 56472

###!!! [Child][RunMessage] Error: Channel closing: too late to send/recv, messages will be lost


###!!! [Child][MessageChannel::SendAndWait] Error: Channel error: cannot send/recv

1578847434060	mozrunner::runner	INFO	Running command: "C:\\Program Files\\Mozilla Firefox\\firefox.exe" "-marionette" "-foreground" "-no-remote" "-profile" "C:\\Users\\B\\AppData\\Local\\Temp\\rust_mozprofileW4DERP"
1578847434368	addons.webextension.doh-rollout@mozilla.org	WARN	Loading extension 'doh-rollout@mozilla.org': Reading manifest: Invalid extension permission: networkStatus
1578847434475	addons.webextension.screenshots@mozilla.org	WARN	Loading extension 'screenshots@mozilla.org': Reading manifest: Invalid extension permission: mozillaAddons
1578847434475	addons.webextension.screenshots@mozilla.org	WARN	Loading extension 'screenshots@mozilla.org': Reading manifest: Invalid extension permission: telemetry
1578847434475	addons.webextension.screenshots@mozilla.org	WARN	Loading extension 'screenshots@mozilla.org': Reading manifest: Invalid extension permission: resource://pdf.js/
1578847434475	addons.webextension.screenshots@mozilla.org	WARN	Loading extension 'screenshots@mozilla.org': Reading manifest: Invalid extension permission: about:reader*
JavaScript error: resource://gre/modules/XULStore.jsm, line 66: Error: Can't find profile directory.
1578847436949	Marionette	INFO	Listening on port 56518
1578847437172	Marionette	WARN	TLS certificate errors will be ignored for this session
1578847438300	Marionette	INFO	Stopped listening on port 56518
1578847438379	addons.xpi	WARN	Addon with ID amazondotcom@search.mozilla.org already installed, older version will be disabled
1578847438379	addons.xpi-utils	WARN	Error: XPI database modified after shutdown began(resource://gre/modules/addons/XPIDatabase.jsm:1478:17) JS Stack trace: saveChanges@XPIDatabase.jsm:1478:17
makeAddonVisible@XPIDatabase.jsm:2281:10
addToDatabase@XPIDatabase.jsm:2208:12
install@XPIInstall.jsm:4343:27
update@XPIProvider.jsm:2046:13
1578847438380	addons.xpi-utils	WARN	Error: XPI database modified after shutdown began(resource://gre/modules/addons/XPIDatabase.jsm:1478:17) JS Stack trace: saveChanges@XPIDatabase.jsm:1478:17
addToDatabase@XPIDatabase.jsm:2211:10
install@XPIInstall.jsm:4343:27
update@XPIProvider.jsm:2046:13
1578847438398	addons.xpi	WARN	Addon with ID bing@search.mozilla.org already installed, older version will be disabled
1578847438399	addons.xpi-utils	WARN	Error: XPI database modified after shutdown began(resource://gre/modules/addons/XPIDatabase.jsm:1478:17) JS Stack trace: saveChanges@XPIDatabase.jsm:1478:17
makeAddonVisible@XPIDatabase.jsm:2281:10
addToDatabase@XPIDatabase.jsm:2208:12
install@XPIInstall.jsm:4343:27
update@XPIProvider.jsm:2046:13
1578847438399	addons.xpi-utils	WARN	Error: XPI database modified after shutdown began(resource://gre/modules/addons/XPIDatabase.jsm:1478:17) JS Stack trace: saveChanges@XPIDatabase.jsm:1478:17
addToDatabase@XPIDatabase.jsm:2211:10
install@XPIInstall.jsm:4343:27
update@XPIProvider.jsm:2046:13
1578847438414	addons.xpi	WARN	Addon with ID google@search.mozilla.org already installed, older version will be disabled
1578847438414	addons.xpi-utils	WARN	Error: XPI database modified after shutdown began(resource://gre/modules/addons/XPIDatabase.jsm:1478:17) JS Stack trace: saveChanges@XPIDatabase.jsm:1478:17
makeAddonVisible@XPIDatabase.jsm:2281:10
addToDatabase@XPIDatabase.jsm:2208:12
install@XPIInstall.jsm:4343:27
update@XPIProvider.jsm:2046:13
1578847438414	addons.xpi-utils	WARN	Error: XPI database modified after shutdown began(resource://gre/modules/addons/XPIDatabase.jsm:1478:17) JS Stack trace: saveChanges@XPIDatabase.jsm:1478:17
addToDatabase@XPIDatabase.jsm:2211:10
install@XPIInstall.jsm:4343:27
update@XPIProvider.jsm:2046:13
1578847438430	addons.xpi	WARN	Addon with ID twitter@search.mozilla.org already installed, older version will be disabled
1578847438430	addons.xpi-utils	WARN	Error: XPI database modified after shutdown began(resource://gre/modules/addons/XPIDatabase.jsm:1478:17) JS Stack trace: saveChanges@XPIDatabase.jsm:1478:17
makeAddonVisible@XPIDatabase.jsm:2281:10
addToDatabase@XPIDatabase.jsm:2208:12
install@XPIInstall.jsm:4343:27
update@XPIProvider.jsm:2046:13
1578847438431	addons.xpi-utils	WARN	Error: XPI database modified after shutdown began(resource://gre/modules/addons/XPIDatabase.jsm:1478:17) JS Stack trace: saveChanges@XPIDatabase.jsm:1478:17
addToDatabase@XPIDatabase.jsm:2211:10
install@XPIInstall.jsm:4343:27
update@XPIProvider.jsm:2046:13
1578847438468	addons.xpi	WARN	Addon with ID wikipedia@search.mozilla.org already installed, older version will be disabled
1578847438469	addons.xpi-utils	WARN	Error: XPI database modified after shutdown began(resource://gre/modules/addons/XPIDatabase.jsm:1478:17) JS Stack trace: saveChanges@XPIDatabase.jsm:1478:17
makeAddonVisible@XPIDatabase.jsm:2281:10
addToDatabase@XPIDatabase.jsm:2208:12
install@XPIInstall.jsm:4343:27
update@XPIProvider.jsm:2046:13
1578847438469	addons.xpi-utils	WARN	Error: XPI database modified after shutdown began(resource://gre/modules/addons/XPIDatabase.jsm:1478:17) JS Stack trace: saveChanges@XPIDatabase.jsm:1478:17
addToDatabase@XPIDatabase.jsm:2211:10
install@XPIInstall.jsm:4343:27
update@XPIProvider.jsm:2046:13
1578847438499	addons.xpi	WARN	Addon with ID ddg@search.mozilla.org already installed, older version will be disabled
1578847438500	addons.xpi-utils	WARN	Error: XPI database modified after shutdown began(resource://gre/modules/addons/XPIDatabase.jsm:1478:17) JS Stack trace: saveChanges@XPIDatabase.jsm:1478:17
makeAddonVisible@XPIDatabase.jsm:2281:10
addToDatabase@XPIDatabase.jsm:2208:12
install@XPIInstall.jsm:4343:27
update@XPIProvider.jsm:2046:13
1578847438500	addons.xpi-utils	WARN	Error: XPI database modified after shutdown began(resource://gre/modules/addons/XPIDatabase.jsm:1478:17) JS Stack trace: saveChanges@XPIDatabase.jsm:1478:17
addToDatabase@XPIDatabase.jsm:2211:10
install@XPIInstall.jsm:4343:27
update@XPIProvider.jsm:2046:13
[Parent 20236, Gecko_IOThread] WARNING: file z:/task_1578433236/build/src/ipc/chromium/src/base/process_util_win.cc, line 160
JavaScript error: resource://gre/modules/Sqlite.jsm, line 912: Error: Connection is not open.
JavaScript error: resource://gre/modules/Sqlite.jsm, line 912: Error: Connection is not open.

###!!! [Child][RunMessage] Error: Channel closing: too late to send/recv, messages will be lost


###!!! [Child][MessageChannel::SendAndWait] Error: Channel error: cannot send/recv

1578847656459	mozrunner::runner	INFO	Running command: "C:\\Program Files\\Mozilla Firefox\\firefox.exe" "-marionette" "-foreground" "-no-remote" "-profile" "C:\\Users\\B\\AppData\\Local\\Temp\\rust_mozprofile4PEh4V"
1578847656763	addons.webextension.doh-rollout@mozilla.org	WARN	Loading extension 'doh-rollout@mozilla.org': Reading manifest: Invalid extension permission: networkStatus
1578847656867	addons.webextension.screenshots@mozilla.org	WARN	Loading extension 'screenshots@mozilla.org': Reading manifest: Invalid extension permission: mozillaAddons
1578847656867	addons.webextension.screenshots@mozilla.org	WARN	Loading extension 'screenshots@mozilla.org': Reading manifest: Invalid extension permission: telemetry
1578847656867	addons.webextension.screenshots@mozilla.org	WARN	Loading extension 'screenshots@mozilla.org': Reading manifest: Invalid extension permission: resource://pdf.js/
1578847656867	addons.webextension.screenshots@mozilla.org	WARN	Loading extension 'screenshots@mozilla.org': Reading manifest: Invalid extension permission: about:reader*
JavaScript error: resource://gre/modules/XULStore.jsm, line 66: Error: Can't find profile directory.
1578847659362	Marionette	INFO	Listening on port 56599
1578847659574	Marionette	WARN	TLS certificate errors will be ignored for this session
1578847660253	Marionette	INFO	Stopped listening on port 56599

###!!! [Child][RunMessage] Error: Channel closing: too late to send/recv, messages will be lost


###!!! [Child][MessageChannel::SendAndWait] Error: Channel error: cannot send/recv

1578847697987	mozrunner::runner	INFO	Running command: "C:\\Program Files\\Mozilla Firefox\\firefox.exe" "-marionette" "-foreground" "-no-remote" "-profile" "C:\\Users\\B\\AppData\\Local\\Temp\\rust_mozprofileAYJFvU"
1578847698293	addons.webextension.doh-rollout@mozilla.org	WARN	Loading extension 'doh-rollout@mozilla.org': Reading manifest: Invalid extension permission: networkStatus
1578847698399	addons.webextension.screenshots@mozilla.org	WARN	Loading extension 'screenshots@mozilla.org': Reading manifest: Invalid extension permission: mozillaAddons
1578847698400	addons.webextension.screenshots@mozilla.org	WARN	Loading extension 'screenshots@mozilla.org': Reading manifest: Invalid extension permission: telemetry
1578847698400	addons.webextension.screenshots@mozilla.org	WARN	Loading extension 'screenshots@mozilla.org': Reading manifest: Invalid extension permission: resource://pdf.js/
1578847698400	addons.webextension.screenshots@mozilla.org	WARN	Loading extension 'screenshots@mozilla.org': Reading manifest: Invalid extension permission: about:reader*
JavaScript error: resource://gre/modules/XULStore.jsm, line 66: Error: Can't find profile directory.
1578847700840	Marionette	INFO	Listening on port 56647
1578847701098	Marionette	WARN	TLS certificate errors will be ignored for this session
1578847702012	Marionette	INFO	Stopped listening on port 56647

###!!! [Child][RunMessage] Error: Channel closing: too late to send/recv, messages will be lost


###!!! [Child][MessageChannel::SendAndWait] Error: Channel error: cannot send/recv

1578847727862	mozrunner::runner	INFO	Running command: "C:\\Program Files\\Mozilla Firefox\\firefox.exe" "-marionette" "-foreground" "-no-remote" "-profile" "C:\\Users\\B\\AppData\\Local\\Temp\\rust_mozprofile4Rmtom"
1578847728178	addons.webextension.doh-rollout@mozilla.org	WARN	Loading extension 'doh-rollout@mozilla.org': Reading manifest: Invalid extension permission: networkStatus
1578847728283	addons.webextension.screenshots@mozilla.org	WARN	Loading extension 'screenshots@mozilla.org': Reading manifest: Invalid extension permission: mozillaAddons
1578847728283	addons.webextension.screenshots@mozilla.org	WARN	Loading extension 'screenshots@mozilla.org': Reading manifest: Invalid extension permission: telemetry
1578847728283	addons.webextension.screenshots@mozilla.org	WARN	Loading extension 'screenshots@mozilla.org': Reading manifest: Invalid extension permission: resource://pdf.js/
1578847728283	addons.webextension.screenshots@mozilla.org	WARN	Loading extension 'screenshots@mozilla.org': Reading manifest: Invalid extension permission: about:reader*
JavaScript error: resource://gre/modules/XULStore.jsm, line 66: Error: Can't find profile directory.
1578847730881	Marionette	INFO	Listening on port 56696
1578847730981	Marionette	WARN	TLS certificate errors will be ignored for this session
1578847738827	Marionette	INFO	Stopped listening on port 56696

###!!! [Child][RunMessage] Error: Channel closing: too late to send/recv, messages will be lost


###!!! [Child][MessageChannel::SendAndWait] Error: Channel error: cannot send/recv

1578847764539	mozrunner::runner	INFO	Running command: "C:\\Program Files\\Mozilla Firefox\\firefox.exe" "-marionette" "-foreground" "-no-remote" "-profile" "C:\\Users\\B\\AppData\\Local\\Temp\\rust_mozprofileUHDO5d"
1578847764852	addons.webextension.doh-rollout@mozilla.org	WARN	Loading extension 'doh-rollout@mozilla.org': Reading manifest: Invalid extension permission: networkStatus
1578847764957	addons.webextension.screenshots@mozilla.org	WARN	Loading extension 'screenshots@mozilla.org': Reading manifest: Invalid extension permission: mozillaAddons
1578847764957	addons.webextension.screenshots@mozilla.org	WARN	Loading extension 'screenshots@mozilla.org': Reading manifest: Invalid extension permission: telemetry
1578847764957	addons.webextension.screenshots@mozilla.org	WARN	Loading extension 'screenshots@mozilla.org': Reading manifest: Invalid extension permission: resource://pdf.js/
1578847764957	addons.webextension.screenshots@mozilla.org	WARN	Loading extension 'screenshots@mozilla.org': Reading manifest: Invalid extension permission: about:reader*
JavaScript error: resource://gre/modules/XULStore.jsm, line 66: Error: Can't find profile directory.
1578847767413	Marionette	INFO	Listening on port 56748
1578847767653	Marionette	WARN	TLS certificate errors will be ignored for this session
1578847772365	Marionette	INFO	Stopped listening on port 56748

###!!! [Child][MessageChannel::SendAndWait] Error: Channel error: cannot send/recv

1578847853055	mozrunner::runner	INFO	Running command: "C:\\Program Files\\Mozilla Firefox\\firefox.exe" "-marionette" "-foreground" "-no-remote" "-profile" "C:\\Users\\B\\AppData\\Local\\Temp\\rust_mozprofile2v5DyR"
1578847853370	addons.webextension.doh-rollout@mozilla.org	WARN	Loading extension 'doh-rollout@mozilla.org': Reading manifest: Invalid extension permission: networkStatus
1578847853477	addons.webextension.screenshots@mozilla.org	WARN	Loading extension 'screenshots@mozilla.org': Reading manifest: Invalid extension permission: mozillaAddons
1578847853477	addons.webextension.screenshots@mozilla.org	WARN	Loading extension 'screenshots@mozilla.org': Reading manifest: Invalid extension permission: telemetry
1578847853478	addons.webextension.screenshots@mozilla.org	WARN	Loading extension 'screenshots@mozilla.org': Reading manifest: Invalid extension permission: resource://pdf.js/
1578847853478	addons.webextension.screenshots@mozilla.org	WARN	Loading extension 'screenshots@mozilla.org': Reading manifest: Invalid extension permission: about:reader*
JavaScript error: resource://gre/modules/XULStore.jsm, line 66: Error: Can't find profile directory.
1578847856038	Marionette	INFO	Listening on port 56802
1578847856169	Marionette	WARN	TLS certificate errors will be ignored for this session
1578848000745	mozrunner::runner	INFO	Running command: "C:\\Program Files\\Mozilla Firefox\\firefox.exe" "-marionette" "-foreground" "-no-remote" "-profile" "C:\\Users\\B\\AppData\\Local\\Temp\\rust_mozprofilepa4uzW"
1578848001052	addons.webextension.doh-rollout@mozilla.org	WARN	Loading extension 'doh-rollout@mozilla.org': Reading manifest: Invalid extension permission: networkStatus
1578848001157	addons.webextension.screenshots@mozilla.org	WARN	Loading extension 'screenshots@mozilla.org': Reading manifest: Invalid extension permission: mozillaAddons
1578848001157	addons.webextension.screenshots@mozilla.org	WARN	Loading extension 'screenshots@mozilla.org': Reading manifest: Invalid extension permission: telemetry
1578848001157	addons.webextension.screenshots@mozilla.org	WARN	Loading extension 'screenshots@mozilla.org': Reading manifest: Invalid extension permission: resource://pdf.js/
1578848001157	addons.webextension.screenshots@mozilla.org	WARN	Loading extension 'screenshots@mozilla.org': Reading manifest: Invalid extension permission: about:reader*
JavaScript error: resource://gre/modules/XULStore.jsm, line 66: Error: Can't find profile directory.
1578848003673	Marionette	INFO	Listening on port 56874
1578848003856	Marionette	WARN	TLS certificate errors will be ignored for this session
1578848011453	Marionette	INFO	Stopped listening on port 56874

###!!! [Child][RunMessage] Error: Channel closing: too late to send/recv, messages will be lost


###!!! [Child][MessageChannel::SendAndWait] Error: Channel error: cannot send/recv

1578891017799	mozrunner::runner	INFO	Running command: "C:\\Program Files\\Mozilla Firefox\\firefox.exe" "-marionette" "-foreground" "-no-remote" "-profile" "C:\\Users\\Be\\AppData\\Local\\Temp\\rust_mozprofile1ZmhL3"
1578891019597	addons.webextension.screenshots@mozilla.org	WARN	Loading extension 'screenshots@mozilla.org': Reading manifest: Invalid extension permission: mozillaAddons
1578891019597	addons.webextension.screenshots@mozilla.org	WARN	Loading extension 'screenshots@mozilla.org': Reading manifest: Invalid extension permission: telemetry
1578891019597	addons.webextension.screenshots@mozilla.org	WARN	Loading extension 'screenshots@mozilla.org': Reading manifest: Invalid extension permission: resource://pdf.js/
1578891019598	addons.webextension.screenshots@mozilla.org	WARN	Loading extension 'screenshots@mozilla.org': Reading manifest: Invalid extension permission: about:reader*
JavaScript error: resource://gre/modules/XULStore.jsm, line 66: Error: Can't find profile directory.
1578891021174	Marionette	INFO	Listening on port 51453
1578891021436	Marionette	WARN	TLS certificate errors will be ignored for this session
1578891024600	Marionette	INFO	Stopped listening on port 51453
[Parent 21172, Gecko_IOThread] WARNING: pipe error: 109: file z:/task_1575282935/build/src/ipc/chromium/src/chrome/common/ipc_channel_win.cc, line 341
[Parent 21172, Gecko_IOThread] WARNING: pipe error: 109: file z:/task_1575282935/build/src/ipc/chromium/src/chrome/common/ipc_channel_win.cc, line 341
[Child 13296, Chrome_ChildThread] WARNING: pipe error: 109: file z:/task_1575282935/build/src/ipc/chromium/src/chr[Child 1919ome/2,co mmon/ipcChrom_ce_haChildThnnrel_win.cc, line ead] WA341
RNING: pi[Child 13pe error: 109: file z:/task_1575282935/build/src/ipc/chromium/src/chrome/common/ipc_channel_win.cc, line 341
[Child 19192,[Parent 21172, Gecko_IOThread] WARNING: pipe error: 109: file z:/task_1575282935/build/src/ipc/chromium/src/chrome/common/ipc_channel_win.cc, line 341
[Child 11340, Chrome_ChildThread] WARNING: pipe error: 109: file z:/task_1575282935/build/src/ipc/chromium/src/chrome/common/ipc_channel_win.cc, line 341
[Child 11340, Chrome_Chil
###!!! [Child][RunMessage] Error: Channel closing: too late to send/recv, messages will be lost

[
###!!! [Child][MessageChannel::SendAndWait] Error: Channel error: cannot send/recv

